[2026-03-28 12:15:23] [INFO] Starting extraction
[2026-03-28 12:15:25] [INFO] Extraction complete
[2026-03-28 12:15:25] [INFO] Starting transformation
[2026-03-28 12:15:25] [INFO] Transformation complete
[2026-03-28 12:15:25] [INFO] Loading to CSV
[2026-03-28 12:15:25] [INFO] CSV load complete
[2026-03-28 12:15:25] [INFO] Loading to DB
[2026-03-28 12:15:25] [INFO] DB load complete
[2026-03-28 12:19:20] [INFO] Starting extraction
[2026-03-28 12:19:22] [INFO] Extraction complete
[2026-03-28 12:19:22] [INFO] Starting transformation
[2026-03-28 12:19:22] [INFO] Transformation complete
[2026-03-28 12:19:22] [INFO] Loading to CSV
[2026-03-28 12:19:22] [INFO] CSV load complete
[2026-03-28 12:19:22] [INFO] Loading to DB
[2026-03-28 12:19:22] [INFO] DB load complete
[2026-03-28 12:21:42] [INFO] Starting extraction
[2026-03-28 12:21:44] [INFO] Extraction complete
[2026-03-28 12:21:44] [INFO] Starting transformation
[2026-03-28 12:21:44] [INFO] Transformation complete
[2026-03-28 12:21:44] [INFO] Loading to CSV
[2026-03-28 12:24:05] [INFO] Starting extraction
[2026-03-28 12:24:07] [INFO] Extraction complete
[2026-03-28 12:24:07] [INFO] Starting transformation
[2026-03-28 12:24:07] [INFO] Transformation complete
[2026-03-28 12:24:07] [INFO] Loading to CSV
[2026-03-28 12:24:07] [INFO] CSV load complete
[2026-03-28 12:24:07] [INFO] Loading to DB
[2026-03-28 12:24:07] [INFO] DB load complete
[2026-03-30 09:52:08] [INFO] Starting extraction
[2026-03-30 09:52:11] [INFO] Extraction complete
[2026-03-30 09:52:11] [INFO] Starting transformation
[2026-03-30 09:52:11] [INFO] Transformation complete
[2026-03-30 09:52:11] [INFO] Loading to CSV
[2026-03-30 09:52:11] [INFO] CSV load complete
[2026-03-30 09:52:11] [INFO] Loading to DB
[2026-03-30 09:52:11] [INFO] DB load complete
[2026-03-30 09:54:39] [INFO] Starting extraction
[2026-03-30 09:54:44] [INFO] Extraction complete
[2026-03-30 09:54:44] [INFO] Starting transformation
[2026-03-30 09:54:44] [INFO] Transformation complete
[2026-03-30 09:54:44] [INFO] Loading to CSV
[2026-03-30 09:54:44] [INFO] CSV load complete
[2026-03-30 09:54:44] [INFO] Loading to DB
[2026-03-30 09:54:44] [INFO] DB load complete
[2026-03-30 10:20:49] [INFO] Starting extraction
[2026-03-30 10:20:53] [INFO] Extraction complete
[2026-03-30 10:20:53] [INFO] Starting transformation
[2026-03-30 10:20:53] [INFO] Transformation complete
[2026-03-30 10:20:53] [INFO] Loading to CSV
[2026-03-30 10:20:53] [INFO] CSV load complete
[2026-03-30 10:20:53] [INFO] Loading to DB
[2026-03-30 10:20:53] [INFO] DB load complete
[2026-03-30 10:22:55] [INFO] Starting extraction
[2026-03-30 10:22:57] [INFO] Extraction complete
[2026-03-30 10:23:52] [INFO] Starting extraction
[2026-03-30 10:23:54] [INFO] Extraction complete
[2026-03-30 10:23:54] [INFO] Starting transformation
[2026-03-30 10:23:54] [INFO] Transformation complete
[2026-03-30 10:23:54] [INFO] Loading to CSV
[2026-03-30 10:23:54] [INFO] CSV load complete
[2026-03-30 10:23:54] [INFO] Loading to DB
[2026-03-30 10:23:54] [INFO] DB load complete
[2026-03-30 10:28:59] [INFO] Starting extraction
[2026-03-30 10:29:02] [INFO] Extraction complete
[2026-03-30 10:29:02] [INFO] Starting transformation
[2026-03-30 10:29:02] [INFO] Transformation complete
[2026-03-30 10:29:02] [INFO] Loading to CSV
[2026-03-30 10:29:02] [INFO] CSV load complete
[2026-03-30 10:29:02] [INFO] Loading to DB
[2026-03-30 10:29:02] [INFO] DB load complete
[2026-03-30 10:40:55] [INFO] Starting extraction
[2026-03-30 10:40:57] [INFO] Extraction complete
[2026-03-30 10:40:57] [INFO] Starting transformation
[2026-03-30 10:40:57] [INFO] Transformation complete
[2026-03-30 10:40:57] [INFO] Loading to CSV
[2026-03-30 10:40:57] [INFO] CSV load complete
[2026-03-30 10:40:57] [INFO] Loading to DB
[2026-03-30 10:40:57] [INFO] DB load complete
[2026-03-30 10:47:34] [INFO] Starting extraction
[2026-03-30 10:47:36] [INFO] Extraction complete
[2026-03-30 10:47:36] [INFO] Starting transformation
[2026-03-30 10:47:36] [INFO] Transformation complete
[2026-03-30 10:47:36] [INFO] Loading to CSV
[2026-03-30 10:47:36] [INFO] CSV load complete
[2026-03-30 10:47:36] [INFO] Loading to DB
[2026-03-30 10:47:36] [INFO] DB load complete
[2026-03-30 10:48:01] [INFO] Starting extraction
[2026-03-30 10:48:03] [INFO] Extraction complete
[2026-03-30 10:48:03] [INFO] Starting transformation
[2026-03-30 10:48:03] [INFO] Transformation complete
[2026-03-30 10:48:03] [INFO] Loading to CSV
[2026-03-30 10:48:03] [INFO] CSV load complete
[2026-03-30 10:48:03] [INFO] Loading to DB
[2026-03-30 10:48:03] [INFO] DB load complete
[2026-03-30 10:48:05] [INFO] Starting extraction
[2026-03-30 10:48:08] [INFO] Extraction complete
[2026-03-30 10:48:08] [INFO] Starting transformation
[2026-03-30 10:48:08] [INFO] Transformation complete
[2026-03-30 10:48:08] [INFO] Loading to CSV
[2026-03-30 10:48:08] [INFO] CSV load complete
[2026-03-30 10:48:08] [INFO] Loading to DB
[2026-03-30 10:48:08] [INFO] DB load complete
[2026-03-30 10:51:10] [INFO] Starting extraction
[2026-03-30 10:51:11] [INFO] Extraction complete
[2026-03-30 10:51:11] [INFO] Starting transformation
[2026-03-30 10:51:12] [INFO] Transformation complete
[2026-03-30 10:51:12] [INFO] Loading to CSV
[2026-03-30 10:51:12] [INFO] CSV load complete
[2026-03-30 10:51:12] [INFO] Loading to DB
[2026-03-30 10:51:12] [INFO] DB load complete
[2026-03-30 10:52:11] [INFO] Starting extraction
[2026-03-30 10:52:13] [INFO] Extraction complete
[2026-03-30 10:52:13] [INFO] Starting transformation
[2026-03-30 10:52:13] [INFO] Transformation complete
[2026-03-30 10:52:13] [INFO] Loading to CSV
[2026-03-30 10:52:13] [INFO] CSV load complete
[2026-03-30 10:52:13] [INFO] Loading to DB
[2026-03-30 10:52:13] [INFO] DB load complete
[2026-03-30 10:52:15] [INFO] Starting extraction
[2026-03-30 10:52:17] [INFO] Extraction complete
[2026-03-30 10:52:17] [INFO] Starting transformation
[2026-03-30 10:52:17] [INFO] Transformation complete
[2026-03-30 10:52:17] [INFO] Loading to CSV
[2026-03-30 10:52:17] [INFO] CSV load complete
[2026-03-30 10:52:17] [INFO] Loading to DB
[2026-03-30 10:52:17] [INFO] DB load complete
[2026-03-30 10:53:47] [INFO] Starting extraction
[2026-03-30 10:53:49] [INFO] Extraction complete
[2026-03-30 10:53:49] [INFO] Starting transformation
[2026-03-30 10:53:50] [INFO] Transformation complete
[2026-03-30 10:53:50] [INFO] Loading to CSV
[2026-03-30 10:53:50] [INFO] CSV load complete
[2026-03-30 10:53:50] [INFO] Loading to DB
[2026-03-30 10:53:50] [INFO] DB load complete
[2026-03-30 10:53:51] [INFO] Starting extraction
[2026-03-30 10:53:54] [INFO] Extraction complete
[2026-03-30 10:53:54] [INFO] Starting transformation
[2026-03-30 10:53:54] [INFO] Transformation complete
[2026-03-30 10:53:54] [INFO] Loading to CSV
[2026-03-30 10:53:54] [INFO] CSV load complete
[2026-03-30 10:53:54] [INFO] Loading to DB
[2026-03-30 10:53:54] [INFO] DB load complete
[2026-03-30 10:54:44] [INFO] Starting extraction
[2026-03-30 10:54:46] [INFO] Extraction complete
[2026-03-30 10:54:46] [INFO] Starting transformation
[2026-03-30 10:54:46] [INFO] Transformation complete
[2026-03-30 10:54:46] [INFO] Loading to CSV
[2026-03-30 10:54:46] [INFO] CSV load complete
[2026-03-30 10:54:46] [INFO] Loading to DB
[2026-03-30 10:54:46] [INFO] DB load complete
[2026-03-30 10:54:48] [INFO] Starting extraction
[2026-03-30 10:54:49] [INFO] Extraction complete
[2026-03-30 10:54:49] [INFO] Starting transformation
[2026-03-30 10:54:49] [INFO] Transformation complete
[2026-03-30 10:54:49] [INFO] Loading to CSV
[2026-03-30 10:54:49] [INFO] CSV load complete
[2026-03-30 10:54:49] [INFO] Loading to DB
[2026-03-30 10:54:49] [INFO] DB load complete
[2026-03-30 11:00:18] [INFO] Starting extraction
[2026-03-30 11:00:20] [INFO] Extraction complete
[2026-03-30 11:00:20] [INFO] Starting transformation
[2026-03-30 11:00:20] [INFO] Transformation complete
[2026-03-30 11:00:20] [INFO] Loading to CSV
[2026-03-30 11:00:20] [INFO] CSV load complete
[2026-03-30 11:00:20] [INFO] Loading to DB
[2026-03-30 11:00:20] [INFO] DB load complete
[2026-03-30 11:00:22] [INFO] Starting extraction
[2026-03-30 11:00:24] [INFO] Extraction complete
[2026-03-30 11:00:24] [INFO] Starting transformation
[2026-03-30 11:00:24] [INFO] Transformation complete
[2026-03-30 11:00:24] [INFO] Loading to CSV
[2026-03-30 11:00:24] [INFO] CSV load complete
[2026-03-30 11:00:24] [INFO] Loading to DB
[2026-03-30 11:00:24] [INFO] DB load complete
[2026-03-30 11:04:12] [INFO] Starting extraction
[2026-03-30 11:04:14] [INFO] Extraction complete
[2026-03-30 11:04:14] [INFO] Starting transformation
[2026-03-30 11:04:14] [INFO] Transformation complete
[2026-03-30 11:04:14] [INFO] Loading to CSV
[2026-03-30 11:04:14] [INFO] CSV load complete
[2026-03-30 11:04:14] [INFO] Loading to DB
[2026-03-30 11:04:14] [INFO] DB load complete
[2026-03-30 11:04:16] [INFO] Starting extraction
[2026-03-30 11:04:18] [INFO] Extraction complete
[2026-03-30 11:04:18] [INFO] Starting transformation
[2026-03-30 11:04:18] [INFO] Transformation complete
[2026-03-30 11:04:18] [INFO] Loading to CSV
[2026-03-30 11:04:18] [INFO] CSV load complete
[2026-03-30 11:04:18] [INFO] Loading to DB
[2026-03-30 11:04:18] [INFO] DB load complete
[2026-03-30 11:04:25] [INFO] Starting extraction
[2026-03-30 11:04:27] [INFO] Extraction complete
[2026-03-30 11:04:27] [INFO] Starting transformation
[2026-03-30 11:04:27] [INFO] Transformation complete
[2026-03-30 11:04:27] [INFO] Loading to CSV
[2026-03-30 11:04:27] [INFO] CSV load complete
[2026-03-30 11:04:27] [INFO] Loading to DB
[2026-03-30 11:04:27] [INFO] DB load complete
[2026-03-30 11:04:29] [INFO] Starting extraction
[2026-03-30 11:04:32] [INFO] Extraction complete
[2026-03-30 11:04:32] [INFO] Starting transformation
[2026-03-30 11:04:32] [INFO] Transformation complete
[2026-03-30 11:04:32] [INFO] Loading to CSV
[2026-03-30 11:04:32] [INFO] CSV load complete
[2026-03-30 11:04:32] [INFO] Loading to DB
[2026-03-30 11:04:32] [INFO] DB load complete
[2026-03-30 11:31:55] [INFO] Starting extraction
[2026-03-30 11:31:57] [INFO] Extraction complete
[2026-03-30 11:31:57] [INFO] Starting transformation
[2026-03-30 11:31:57] [INFO] Transformation complete
[2026-03-30 11:31:57] [INFO] Loading to CSV
[2026-03-30 11:31:57] [INFO] CSV load complete
[2026-03-30 11:31:57] [INFO] Loading to DB
[2026-03-30 11:31:57] [INFO] DB load complete
[2026-03-30 11:34:15] [INFO] Starting extraction
[2026-03-30 11:34:17] [INFO] Extraction complete
[2026-03-30 11:34:17] [INFO] Starting transformation
[2026-03-30 11:34:17] [INFO] Transformation complete
[2026-03-30 11:34:17] [INFO] Loading to CSV
[2026-03-30 11:34:17] [INFO] CSV load complete
[2026-03-30 11:34:17] [INFO] Loading to DB
[2026-03-30 11:34:17] [INFO] DB load complete
[2026-03-30 11:44:47] [INFO] Starting extraction
[2026-03-30 11:44:49] [INFO] Extraction complete
[2026-03-30 11:44:49] [INFO] Starting transformation
[2026-03-30 11:44:49] [INFO] Transformation complete
[2026-03-30 11:44:49] [INFO] Loading to CSV
[2026-03-30 11:44:49] [INFO] CSV load complete
[2026-03-30 11:44:49] [INFO] Loading to DB
[2026-03-30 11:44:49] [INFO] DB load complete
[2026-03-30 11:46:52] [INFO] Starting extraction
[2026-03-30 11:46:54] [INFO] Extraction complete
[2026-03-30 11:46:54] [INFO] Starting transformation
[2026-03-30 11:46:54] [INFO] Transformation complete
[2026-03-30 11:46:54] [INFO] Loading to CSV
[2026-03-30 11:46:54] [INFO] CSV load complete
[2026-03-30 11:46:54] [INFO] Loading to DB
[2026-03-30 11:46:54] [INFO] DB load complete
[2026-03-30 11:53:45] [INFO] Starting extraction
[2026-03-30 11:54:18] [INFO] Starting extraction
[2026-03-30 11:54:20] [INFO] Extraction complete
[2026-03-30 11:54:20] [INFO] Starting transformation
[2026-03-30 11:54:20] [INFO] Transformation complete
[2026-03-30 11:54:20] [INFO] Loading to CSV
[2026-03-30 11:54:20] [INFO] CSV load complete
[2026-03-30 11:54:20] [INFO] Loading to DB
[2026-03-30 11:54:20] [INFO] DB load complete
[2026-03-30 11:55:08] [INFO] Starting extraction
[2026-03-30 11:55:10] [INFO] Extraction complete
[2026-03-30 11:55:10] [INFO] Starting transformation
[2026-03-30 11:55:10] [INFO] Transformation complete
[2026-03-30 11:55:10] [INFO] Loading to CSV
[2026-03-30 11:55:10] [INFO] CSV load complete
[2026-03-30 11:55:10] [INFO] Loading to DB
[2026-03-30 11:55:10] [INFO] DB load complete
[2026-03-30 11:56:32] [INFO] Starting extraction
[2026-03-30 11:56:49] [INFO] Extraction complete
[2026-03-30 11:56:49] [INFO] Starting transformation
[2026-03-30 11:56:49] [INFO] Transformation complete
[2026-03-30 11:56:49] [INFO] Loading to CSV
[2026-03-30 11:56:49] [INFO] CSV load complete
[2026-03-30 11:56:49] [INFO] Loading to DB
[2026-03-30 11:56:49] [INFO] DB load complete
[2026-03-30 12:14:27] [INFO] Starting extraction
[2026-03-30 12:14:29] [INFO] Extraction complete
[2026-03-30 12:14:29] [INFO] Starting transformation
[2026-03-30 12:14:29] [INFO] Transformation complete
[2026-03-30 12:14:29] [INFO] Loading to CSV
[2026-03-30 12:14:29] [INFO] CSV load complete
[2026-03-30 12:14:29] [INFO] Loading to DB
[2026-03-30 12:14:29] [INFO] DB load complete
[2026-03-30 12:31:23] [INFO] Starting extraction
[2026-03-30 12:31:26] [INFO] Extraction complete
[2026-03-30 12:31:26] [INFO] Starting transformation
[2026-03-30 12:31:26] [INFO] Transformation complete
[2026-03-30 12:31:26] [INFO] Loading to CSV
[2026-03-30 12:31:26] [INFO] CSV load complete
[2026-03-30 12:31:26] [INFO] Loading to DB
[2026-03-30 12:31:26] [INFO] DB load complete
[2026-03-30 12:33:27] [INFO] Starting extraction
[2026-03-30 12:33:29] [INFO] Extraction complete
[2026-03-30 12:33:29] [INFO] Starting transformation
[2026-03-30 12:33:29] [INFO] Transformation complete
[2026-03-30 12:33:29] [INFO] Loading to CSV
[2026-03-30 12:33:29] [INFO] CSV load complete
[2026-03-30 12:33:29] [INFO] Loading to DB
[2026-03-30 12:33:29] [INFO] DB load complete
[2026-03-30 12:33:40] [INFO] Starting extraction
[2026-03-30 12:33:41] [INFO] Extraction complete
[2026-03-30 12:33:41] [INFO] Starting transformation
[2026-03-30 12:33:41] [INFO] Transformation complete
[2026-03-30 12:33:41] [INFO] Loading to CSV
[2026-03-30 12:33:41] [INFO] CSV load complete
[2026-03-30 12:33:41] [INFO] Loading to DB
[2026-03-30 12:33:41] [INFO] DB load complete
[2026-03-30 12:42:03] [INFO] Starting extraction
[2026-03-30 12:42:05] [INFO] Extraction complete
[2026-03-30 12:42:05] [INFO] Starting transformation
[2026-03-30 12:42:05] [INFO] Transformation complete
[2026-03-30 12:42:05] [INFO] Loading to CSV
[2026-03-30 12:42:05] [INFO] CSV load complete
[2026-03-30 12:42:05] [INFO] Loading to DB
[2026-03-30 12:42:05] [INFO] DB load complete
[2026-03-30 12:42:23] [INFO] Starting extraction
[2026-03-30 12:42:25] [INFO] Extraction complete
[2026-03-30 12:42:25] [INFO] Starting transformation
[2026-03-30 12:42:25] [INFO] Transformation complete
[2026-03-30 12:42:25] [INFO] Loading to CSV
[2026-03-30 12:42:25] [INFO] CSV load complete
[2026-03-30 12:42:25] [INFO] Loading to DB
[2026-03-30 12:42:25] [INFO] DB load complete
[2026-03-30 12:42:40] [INFO] Starting extraction
[2026-03-30 12:42:42] [INFO] Extraction complete
[2026-03-30 12:42:42] [INFO] Starting transformation
[2026-03-30 12:42:42] [INFO] Transformation complete
[2026-03-30 12:42:42] [INFO] Loading to CSV
[2026-03-30 12:42:42] [INFO] CSV load complete
[2026-03-30 12:42:42] [INFO] Loading to DB
[2026-03-30 12:42:42] [INFO] DB load complete
[2026-03-30 12:45:40] [INFO] Starting extraction
[2026-03-30 12:45:41] [INFO] Extraction complete
[2026-03-30 12:45:41] [INFO] Starting transformation
[2026-03-30 12:45:41] [INFO] Transformation complete
[2026-03-30 12:45:41] [INFO] Loading to CSV
[2026-03-30 12:45:41] [INFO] CSV load complete
[2026-03-30 12:45:41] [INFO] Loading to DB
[2026-03-30 12:45:41] [INFO] DB load complete
[2026-03-30 12:45:59] [INFO] Starting extraction
[2026-03-30 12:46:05] [INFO] Extraction complete
[2026-03-30 12:46:05] [INFO] Starting transformation
[2026-03-30 12:46:05] [INFO] Transformation complete
[2026-03-30 12:46:05] [INFO] Loading to CSV
[2026-03-30 12:46:05] [INFO] CSV load complete
[2026-03-30 12:46:05] [INFO] Loading to DB
[2026-03-30 12:46:05] [INFO] DB load complete
[2026-03-30 12:48:12] [INFO] Starting extraction
[2026-03-30 12:48:14] [INFO] Extraction complete
[2026-03-30 12:48:14] [INFO] Starting transformation
[2026-03-30 12:48:14] [INFO] Transformation complete
[2026-03-30 12:48:14] [INFO] Loading to CSV
[2026-03-30 12:48:14] [INFO] CSV load complete
[2026-03-30 12:48:14] [INFO] Loading to DB
[2026-03-30 12:48:14] [INFO] DB load complete
[2026-03-30 12:51:56] [INFO] Starting extraction
[2026-03-30 12:51:58] [INFO] Extraction complete
[2026-03-30 12:51:58] [INFO] Starting transformation
[2026-03-30 12:51:58] [INFO] Transformation complete
[2026-03-30 12:51:58] [INFO] Loading to CSV
[2026-03-30 12:51:58] [INFO] CSV load complete
[2026-03-30 12:51:58] [INFO] Loading to DB
[2026-03-30 12:51:58] [INFO] DB load complete
[2026-03-30 12:53:33] [INFO] Starting extraction
[2026-03-30 12:53:35] [INFO] Extraction complete
[2026-03-30 12:53:35] [INFO] Starting transformation
[2026-03-30 12:53:35] [INFO] Transformation complete
[2026-03-30 12:53:35] [INFO] Loading to CSV
[2026-03-30 12:53:35] [INFO] CSV load complete
[2026-03-30 12:53:35] [INFO] Loading to DB
[2026-03-30 12:53:35] [INFO] DB load complete
[2026-03-30 13:02:56] [INFO] Starting extraction
[2026-03-30 13:03:00] [INFO] Extraction complete
[2026-03-30 13:03:00] [INFO] Starting transformation
[2026-03-30 13:03:00] [INFO] Transformation complete
[2026-03-30 13:03:00] [INFO] Loading to CSV
[2026-03-30 13:03:00] [INFO] CSV load complete
[2026-03-30 13:03:00] [INFO] Loading to DB
[2026-03-30 13:03:00] [INFO] DB load complete
[2026-03-30 13:08:23] [INFO] Starting extraction
[2026-03-30 13:08:33] [INFO] Extraction complete
[2026-03-30 13:08:33] [INFO] Starting transformation
[2026-03-30 13:08:33] [INFO] Transformation complete
[2026-03-30 13:08:33] [INFO] Loading to CSV
[2026-03-30 13:08:33] [INFO] CSV load complete
[2026-03-30 13:08:33] [INFO] Loading to DB
[2026-03-30 13:08:33] [INFO] DB load complete
[2026-03-30 13:37:49] [INFO] Extract step started
[2026-03-30 13:37:52] [INFO] Extracted 10 rows
[2026-03-30 13:37:52] [INFO] Extraction completed in pipeline
[2026-03-30 13:37:52] [INFO] Starting transformation
[2026-03-30 13:37:52] [INFO] Transformed dataset now has 10 rows
[2026-03-30 13:37:52] [INFO] Transformation completed in pipeline
[2026-03-30 13:37:52] [INFO] Loading to CSV
[2026-03-30 13:37:52] [INFO] CSV load complete
[2026-03-30 13:37:52] [INFO] CSV Load completed in pipeline
[2026-03-30 13:37:52] [INFO] Loading to DB
[2026-03-30 13:37:52] [INFO] DB load complete
[2026-03-30 13:37:52] [INFO] DB Load completed in pipeline
[2026-03-30 13:38:19] [INFO] Extract step started
[2026-03-30 13:38:21] [INFO] Extracted 10 rows
[2026-03-30 13:38:21] [INFO] Extraction completed in pipeline
[2026-03-30 13:38:21] [INFO] Starting transformation
[2026-03-30 13:38:21] [INFO] Transformed dataset now has 10 rows
[2026-03-30 13:38:21] [INFO] Transformation completed in pipeline
[2026-03-30 13:38:21] [INFO] Loading to CSV
[2026-03-30 13:38:21] [INFO] CSV load complete
[2026-03-30 13:38:21] [INFO] CSV Load completed in pipeline
[2026-03-30 13:38:21] [INFO] Loading to DB
[2026-03-30 13:38:21] [INFO] DB load complete
[2026-03-30 13:38:21] [INFO] DB Load completed in pipeline
[2026-03-30 13:47:20] [INFO] Extract step started
[2026-03-30 13:47:22] [INFO] Extracted 10 rows
[2026-03-30 13:47:22] [INFO] Extraction completed in pipeline
[2026-03-30 13:47:22] [INFO] Starting transformation
[2026-03-30 13:47:22] [INFO] Transformed dataset now has 10 rows
[2026-03-30 13:47:22] [INFO] Transformation completed in pipeline
[2026-03-30 13:47:22] [INFO] Loading to CSV
[2026-03-30 13:47:22] [INFO] CSV load complete
[2026-03-30 13:47:22] [INFO] CSV Load completed in pipeline
[2026-03-30 13:47:22] [INFO] Loading to DB
[2026-03-30 13:47:22] [INFO] DB load complete
[2026-03-30 13:47:22] [INFO] DB Load completed in pipeline
[2026-03-30 13:47:56] [INFO] Extract step started
[2026-03-30 13:47:57] [INFO] Extracted 10 rows
[2026-03-30 13:47:57] [INFO] Extraction completed in pipeline
[2026-03-30 13:47:57] [INFO] Starting transformation
[2026-03-30 13:47:57] [INFO] Transformed dataset now has 10 rows
[2026-03-30 13:47:57] [INFO] Transformation completed in pipeline
[2026-03-30 13:47:57] [INFO] Loading to CSV
[2026-03-30 13:47:57] [INFO] CSV load complete
[2026-03-30 13:47:57] [INFO] CSV Load completed in pipeline
[2026-03-30 13:47:57] [INFO] Loading to DB
[2026-03-30 13:47:57] [INFO] DB load complete
[2026-03-30 13:47:57] [INFO] DB Load completed in pipeline
[2026-03-30 13:49:53] [INFO] Extract step started
[2026-03-30 13:49:55] [INFO] Extracted 10 rows
[2026-03-30 13:49:55] [INFO] Extraction completed in pipeline
[2026-03-30 13:49:55] [INFO] Starting transformation
[2026-03-30 13:49:55] [INFO] Transformed dataset now has 10 rows
[2026-03-30 13:49:55] [INFO] Transformation completed in pipeline
[2026-03-30 13:49:55] [INFO] Loading to CSV
[2026-03-30 13:49:55] [INFO] CSV load complete
[2026-03-30 13:49:55] [INFO] CSV Load completed in pipeline
[2026-03-30 13:49:55] [INFO] Loading to DB
[2026-03-30 13:49:55] [INFO] DB load complete
[2026-03-30 13:49:55] [INFO] DB Load completed in pipeline
[2026-03-30 13:57:57] [INFO] Extract step started
[2026-03-30 13:58:00] [INFO] Extracted 10 rows
[2026-03-30 13:58:00] [INFO] Starting transformation
[2026-03-30 13:58:00] [INFO] Transformed dataset now has 10 rows
[2026-03-30 13:58:01] [INFO] Loading to CSV
[2026-03-30 13:58:01] [INFO] CSV load complete
[2026-03-30 13:58:01] [INFO] Loading to DB
[2026-03-30 13:58:02] [INFO] DB load complete
[2026-03-30 14:01:08] [INFO] Extract step started
[2026-03-30 14:01:11] [INFO] Extracted 10 rows
[2026-03-30 14:01:11] [INFO] Starting transformation
[2026-03-30 14:01:11] [INFO] Transformed dataset now has 10 rows
[2026-03-30 14:01:12] [INFO] Loading to CSV
[2026-03-30 14:01:12] [INFO] CSV load complete
[2026-03-30 14:01:12] [INFO] Loading to DB
[2026-03-30 14:01:12] [INFO] DB load complete
[2026-03-30 14:36:14] [INFO] Extract step started
[2026-03-30 14:36:17] [INFO] Extracted 10 rows
[2026-03-30 14:36:17] [INFO] Starting transformation
[2026-03-30 14:36:17] [INFO] Transformed dataset now has 10 rows
[2026-03-30 14:36:18] [INFO] Loading to CSV
[2026-03-30 14:36:18] [INFO] CSV load complete
[2026-03-30 14:36:18] [INFO] Loading to DB
[2026-03-30 14:36:18] [INFO] DB load complete
[2026-03-30 14:36:29] [INFO] Extract step started
[2026-03-30 14:36:31] [INFO] Extracted 10 rows
[2026-03-30 14:36:32] [INFO] Starting transformation
[2026-03-30 14:36:32] [INFO] Transformed dataset now has 10 rows
[2026-03-30 14:36:32] [INFO] Loading to CSV
[2026-03-30 14:36:32] [INFO] CSV load complete
[2026-03-30 14:36:33] [INFO] Loading to DB
[2026-03-30 14:36:33] [INFO] DB load complete
[2026-03-30 14:45:56] [INFO] Extract step started
[2026-03-30 14:46:07] [INFO] Extracted 10 rows
[2026-03-30 14:46:07] [INFO] Starting transformation
[2026-03-30 14:46:08] [INFO] Transformed dataset now has 10 rows
[2026-03-30 14:46:08] [INFO] Loading to CSV
[2026-03-30 14:46:08] [INFO] CSV load complete
[2026-03-30 14:46:09] [INFO] Loading to DB
[2026-03-30 14:46:09] [INFO] DB load complete
[2026-03-30 14:46:21] [INFO] Extract step started
[2026-03-30 14:46:22] [INFO] Extracted 10 rows
[2026-03-30 14:46:23] [INFO] Starting transformation
[2026-03-30 14:46:23] [INFO] Transformed dataset now has 10 rows
[2026-03-30 14:46:23] [INFO] Loading to CSV
[2026-03-30 14:46:23] [INFO] CSV load complete
[2026-03-30 14:46:24] [INFO] Loading to DB
[2026-03-30 14:46:24] [INFO] DB load complete
[2026-03-30 14:46:29] [INFO] Extract step started
[2026-03-30 14:46:31] [INFO] Extracted 10 rows
[2026-03-30 14:46:32] [INFO] Starting transformation
[2026-03-30 14:46:32] [INFO] Transformed dataset now has 10 rows
[2026-03-30 14:46:32] [INFO] Loading to CSV
[2026-03-30 14:46:32] [INFO] CSV load complete
[2026-03-30 14:46:33] [INFO] Loading to DB
[2026-03-30 14:46:33] [INFO] DB load complete
[2026-03-30 18:08:01] [INFO] Transform module loaded
[2026-03-30 18:08:03] [INFO] Starting dynamic transform
[2026-03-30 18:08:03] [INFO] Detected columns: {'numeric': ['author_id'], 'text': ['first_name', 'middle_name', 'last_name'], 'datetime': [], 'boolean': [], 'others': []}
[2026-03-30 18:08:05] [INFO] Starting dynamic transform
[2026-03-30 18:08:05] [INFO] Detected columns: {'numeric': ['author_id'], 'text': ['first_name', 'middle_name', 'last_name'], 'datetime': [], 'boolean': [], 'others': []}
[2026-03-30 18:08:28] [INFO] Starting dynamic transform
[2026-03-30 18:08:28] [INFO] Detected columns: {'numeric': [], 'text': ['Name', 'MC_USD_Billion'], 'datetime': [], 'boolean': [], 'others': []}
[2026-03-30 18:08:45] [INFO] Starting dynamic transform
[2026-03-30 18:08:45] [INFO] Detected columns: {'numeric': [], 'text': ['Name', 'MC_USD_Billion'], 'datetime': [], 'boolean': [], 'others': []}
[2026-03-30 18:08:52] [INFO] Starting dynamic transform
[2026-03-30 18:08:52] [INFO] Detected columns: {'numeric': ['author_id'], 'text': ['first_name', 'middle_name', 'last_name'], 'datetime': [], 'boolean': [], 'others': []}
[2026-03-30 18:09:14] [INFO] Starting dynamic transform
[2026-03-30 18:09:14] [INFO] Detected columns: {'numeric': ['author_id'], 'text': ['first_name', 'middle_name', 'last_name'], 'datetime': [], 'boolean': [], 'others': []}
[2026-03-30 18:20:19] [INFO] Transform module loaded
[2026-03-30 18:20:19] [INFO] Starting dynamic transform
[2026-03-30 18:20:19] [INFO] Detected columns: {'numeric': ['author_id'], 'text': ['first_name', 'middle_name', 'last_name'], 'datetime': [], 'boolean': [], 'others': []}
[2026-03-30 18:20:22] [INFO] Starting dynamic transform
[2026-03-30 18:20:22] [INFO] Detected columns: {'numeric': ['author_id'], 'text': ['first_name', 'middle_name', 'last_name'], 'datetime': [], 'boolean': [], 'others': []}
[2026-03-30 18:20:23] [INFO] Starting dynamic transform
[2026-03-30 18:20:24] [INFO] Detected columns: {'numeric': ['author_id'], 'text': ['first_name', 'middle_name', 'last_name'], 'datetime': [], 'boolean': [], 'others': []}
[2026-03-30 18:20:43] [INFO] Starting dynamic transform
[2026-03-30 18:20:43] [INFO] Detected columns: {'numeric': ['1'], 'text': ['Rav', 'Ahuja', 'TORONTO', 'CA'], 'datetime': [], 'boolean': [], 'others': []}
[2026-03-30 18:24:34] [INFO] Transform module loaded
[2026-03-30 18:24:34] [INFO] Starting dynamic transform
[2026-03-30 18:24:34] [INFO] Detected columns: {'numeric': ['1'], 'text': ['Rav', 'Ahuja', 'TORONTO', 'CA'], 'datetime': [], 'boolean': [], 'others': []}
[2026-03-30 18:24:34] [INFO] Transform failed: 'charmap' codec can't encode character '\u2192' in position 54: character maps to <undefined>
[2026-03-30 18:27:10] [INFO] Transform module loaded
[2026-03-30 18:27:15] [INFO] Starting dynamic transform
[2026-03-30 18:27:15] [INFO] Detected columns: {'numeric': ['1'], 'text': ['Rav', 'Ahuja', 'TORONTO', 'CA'], 'datetime': [], 'boolean': [], 'others': []}
[2026-03-30 18:27:15] [INFO] Transform failed: 'charmap' codec can't encode character '\u2192' in position 54: character maps to <undefined>
[2026-03-30 18:27:29] [INFO] Starting dynamic transform
[2026-03-30 18:27:29] [INFO] Detected columns: {'numeric': ['1'], 'text': ['Rav', 'Ahuja', 'TORONTO', 'CA'], 'datetime': [], 'boolean': [], 'others': []}
[2026-03-30 18:27:29] [INFO] Transform failed: 'charmap' codec can't encode character '\u2192' in position 54: character maps to <undefined>
[2026-03-30 18:30:04] [INFO] Starting dynamic transform
[2026-03-30 18:30:04] [INFO] Detected columns: {'numeric': [], 'text': ['Name', 'MC_USD_Billion'], 'datetime': [], 'boolean': [], 'others': []}
[2026-03-30 18:30:04] [INFO] Processing MC_USD_Billion column
[2026-03-30 18:30:14] [INFO] Starting dynamic transform
[2026-03-30 18:30:14] [INFO] Detected columns: {'numeric': [], 'text': ['Name', 'MC_USD_Billion'], 'datetime': [], 'boolean': [], 'others': []}
[2026-03-30 18:30:14] [INFO] Processing MC_USD_Billion column
[2026-03-30 18:33:53] [INFO] Starting dynamic transform
[2026-03-30 18:33:53] [INFO] Detected columns: {'numeric': ['1'], 'text': ['Rav', 'Ahuja', 'TORONTO', 'CA'], 'datetime': [], 'boolean': [], 'others': []}
[2026-03-30 18:33:53] [INFO] Transform failed: 'charmap' codec can't encode character '\u2192' in position 54: character maps to <undefined>
[2026-03-30 18:39:07] [INFO] Starting dynamic transform
[2026-03-30 18:39:07] [INFO] Detected columns: {'numeric': ['1'], 'text': ['Rav', 'Ahuja', 'TORONTO', 'CA'], 'datetime': [], 'boolean': [], 'others': []}
[2026-03-30 18:39:07] [INFO] Transform failed: 'charmap' codec can't encode character '\u2192' in position 54: character maps to <undefined>
[2026-03-30 18:39:32] [INFO] Starting dynamic transform
[2026-03-30 18:39:32] [INFO] Detected columns: {'numeric': [], 'text': ['Name', 'MC_USD_Billion'], 'datetime': [], 'boolean': [], 'others': []}
[2026-03-30 18:39:32] [INFO] Processing MC_USD_Billion column
[2026-04-09 12:21:52] [INFO] Transform module loaded
[2026-04-09 12:22:14] [INFO] Starting dynamic transform
[2026-04-09 12:22:14] [INFO] Detected columns: {'numeric': [], 'text': ['Name', 'MC_USD_Billion'], 'datetime': [], 'boolean': [], 'others': []}
[2026-04-09 12:22:14] [INFO] Processing MC_USD_Billion column
[2026-04-09 12:24:51] [INFO] Starting dynamic transform
[2026-04-09 12:24:51] [INFO] Detected columns: {'numeric': [], 'text': ['Name', 'MC_USD_Billion'], 'datetime': [], 'boolean': [], 'others': []}
[2026-04-09 12:24:51] [INFO] Processing MC_USD_Billion column
[2026-04-09 12:28:00] [INFO] Starting dynamic transform
[2026-04-09 12:28:00] [INFO] Detected columns: {'numeric': [], 'text': ['Name', 'MC_USD_Billion'], 'datetime': [], 'boolean': [], 'others': []}
[2026-04-09 12:28:00] [INFO] Processing MC_USD_Billion column
[2026-04-09 12:28:39] [INFO] Starting dynamic transform
[2026-04-09 12:28:39] [INFO] Detected columns: {'numeric': [], 'text': ['Name', 'MC_USD_Billion'], 'datetime': [], 'boolean': [], 'others': []}
[2026-04-09 12:28:39] [INFO] Processing MC_USD_Billion column
[2026-04-09 12:29:28] [INFO] Starting dynamic transform
[2026-04-09 12:29:28] [INFO] Detected columns: {'numeric': ['MC_USD_Billion', 'MC_USD_Million', 'MC_GBP_Million', 'MC_EUR_Million', 'MC_INR_Million'], 'text': ['Name'], 'datetime': [], 'boolean': [], 'others': []}
[2026-04-09 12:29:28] [INFO] Processing MC_USD_Billion column
[2026-04-09 12:29:51] [INFO] Starting dynamic transform
[2026-04-09 12:29:51] [INFO] Detected columns: {'numeric': ['MC_USD_Billion', 'MC_USD_Million', 'MC_GBP_Million', 'MC_EUR_Million', 'MC_INR_Million'], 'text': ['Name'], 'datetime': [], 'boolean': [], 'others': []}
[2026-04-09 12:29:51] [INFO] Processing MC_USD_Billion column
[2026-04-09 12:30:01] [INFO] Starting dynamic transform
[2026-04-09 12:30:01] [INFO] Detected columns: {'numeric': ['MC_USD_Billion', 'MC_USD_Million', 'MC_GBP_Million', 'MC_EUR_Million', 'MC_INR_Million'], 'text': ['Name'], 'datetime': [], 'boolean': [], 'others': []}
[2026-04-09 12:30:01] [INFO] Processing MC_USD_Billion column
[2026-04-09 12:30:27] [INFO] Starting dynamic transform
[2026-04-09 12:30:27] [INFO] Detected columns: {'numeric': ['MC_USD_Billion', 'MC_USD_Million', 'MC_GBP_Million', 'MC_EUR_Million', 'MC_INR_Million'], 'text': ['Name'], 'datetime': [], 'boolean': [], 'others': []}
[2026-04-09 12:30:27] [INFO] Processing MC_USD_Billion column
[2026-04-09 12:30:56] [INFO] Starting dynamic transform
[2026-04-09 12:30:56] [INFO] Detected columns: {'numeric': ['MC_USD_Billion', 'MC_USD_Million', 'MC_GBP_Million', 'MC_EUR_Million', 'MC_INR_Million'], 'text': ['Name'], 'datetime': [], 'boolean': [], 'others': []}
[2026-04-09 12:30:56] [INFO] Processing MC_USD_Billion column
[2026-04-09 12:31:55] [INFO] Starting dynamic transform
[2026-04-09 12:31:55] [INFO] Detected columns: {'numeric': [], 'text': ['entity_name', 'original_value', 'matched_value', 'matched_value_type', 'status', 'condition_entity_name_0', 'condition_entity_value_0', 'condition_entity_value_type_0'], 'datetime': [], 'boolean': [], 'others': []}
[2026-04-09 12:31:55] [INFO] Transform failed: 'charmap' codec can't encode character '\u2192' in position 54: character maps to <undefined>
[2026-04-09 12:33:07] [INFO] Starting dynamic transform
[2026-04-09 12:33:07] [INFO] Detected columns: {'numeric': [], 'text': ['entity_name', 'original_value', 'matched_value', 'matched_value_type', 'status', 'condition_entity_name_0', 'condition_entity_value_0', 'condition_entity_value_type_0'], 'datetime': [], 'boolean': [], 'others': []}
[2026-04-09 12:33:07] [INFO] Transform failed: 'charmap' codec can't encode character '\u2192' in position 54: character maps to <undefined>
[2026-04-09 12:33:13] [INFO] Starting dynamic transform
[2026-04-09 12:33:13] [INFO] Detected columns: {'numeric': [], 'text': ['entity_name', 'original_value', 'matched_value', 'matched_value_type', 'status', 'condition_entity_name_0', 'condition_entity_value_0', 'condition_entity_value_type_0'], 'datetime': [], 'boolean': [], 'others': []}
[2026-04-09 12:33:13] [INFO] Transform failed: 'charmap' codec can't encode character '\u2192' in position 54: character maps to <undefined>
[2026-04-09 12:51:18] [INFO] Transform module loaded
[2026-04-09 12:51:18] [INFO] Starting dynamic transform
[2026-04-09 12:51:18] [INFO] Detected columns: {'numeric': [], 'text': ['entity_name', 'original_value', 'matched_value', 'matched_value_type', 'status', 'condition_entity_name_0', 'condition_entity_value_0', 'condition_entity_value_type_0'], 'datetime': [], 'boolean': [], 'others': []}
[2026-04-09 12:51:18] [INFO] Transform failed: 'charmap' codec can't encode character '\u2192' in position 54: character maps to <undefined>
[2026-04-09 12:57:24] [INFO] Transform module loaded
[2026-04-09 12:57:43] [INFO] Starting dynamic transform
[2026-04-09 12:57:43] [INFO] Detected columns: {'numeric': [], 'text': ['entity_name', 'original_value', 'matched_value', 'matched_value_type', 'status', 'condition_entity_name_0', 'condition_entity_value_0', 'condition_entity_value_type_0'], 'datetime': [], 'boolean': [], 'others': []}
[2026-04-09 12:57:43] [INFO] Transform failed: 'charmap' codec can't encode character '\u2192' in position 54: character maps to <undefined>
[2026-04-09 13:13:40] [INFO] Starting dynamic transform
[2026-04-09 13:13:40] [INFO] Detected columns: {'numeric': [], 'text': ['Name', 'MC_USD_Billion'], 'datetime': [], 'boolean': [], 'others': []}
[2026-04-09 13:13:40] [INFO] Processing MC_USD_Billion column
[2026-04-09 13:13:59] [INFO] Starting dynamic transform
[2026-04-09 13:13:59] [INFO] Detected columns: {'numeric': ['MC_USD_Billion', 'MC_USD_Million', 'MC_GBP_Million', 'MC_EUR_Million', 'MC_INR_Million'], 'text': ['Name'], 'datetime': [], 'boolean': [], 'others': []}
[2026-04-09 13:13:59] [INFO] Processing MC_USD_Billion column
[2026-04-09 14:00:23] [INFO] Transform module loaded
